<?xml version="1.0" encoding="UTF-8"?>
<!-- Generated by org.testng.reporters.JUnitReportReporter -->
<testsuite hostname="BharatVeer" failures="0" tests="5" name="testRunner.Run" time="0.462" errors="0" timestamp="2023-07-12T21:26:03 IST" skipped="0">
  <testcase classname="testRunner.Run" name="runScenario" time="0.042"/>
  <testcase classname="testRunner.Run" name="runScenario" time="0.037"/>
  <testcase classname="testRunner.Run" name="runScenario" time="0.318"/>
  <testcase classname="testRunner.Run" name="runScenario" time="0.035"/>
  <testcase classname="testRunner.Run" name="runScenario" time="0.030"/>
</testsuite> <!-- testRunner.Run -->
